<?xml version="1.0" encoding="UTF-8"?>
<!-- Generated by org.testng.reporters.JUnitReportReporter -->
<testsuite skipped="0" hostname="LGDN14627-W10" name="tests.docker.TM_Test" tests="8" failures="0" timestamp="09 Oct 2017 07:53:29 GMT" time="84.211" errors="0">
  <testcase name="TC_AddCatalogCategoryProduct" time="7.764" classname="tests.docker.TM_Test"/>
  <testcase name="TC_AddCatalogCategoryProduct" time="17.300" classname="tests.docker.TM_Test"/>
  <testcase name="TC_AddCatalogCategoryProduct" time="14.382" classname="tests.docker.TM_Test"/>
  <testcase name="TC_AddCatalogCategoryProduct01" time="11.707" classname="tests.docker.TM_Test"/>
  <testcase name="TC_AddCatalogCategoryProduct01" time="8.956" classname="tests.docker.TM_Test"/>
  <testcase name="TC_AddCatalogCategoryProduct01" time="7.414" classname="tests.docker.TM_Test"/>
  <testcase name="TC_AddCatalogCategoryProduct" time="7.705" classname="tests.docker.TM_Test"/>
  <testcase name="TC_AddCatalogCategoryProduct01" time="8.983" classname="tests.docker.TM_Test"/>
</testsuite> <!-- tests.docker.TM_Test -->
